<?xml version="1.0" encoding="UTF-8"?>
<testsuite xmlns:xsi="http://www.w3.org/2001/XMLSchema-instance" xsi:noNamespaceSchemaLocation="https://maven.apache.org/surefire/maven-surefire-plugin/xsd/surefire-test-report.xsd" name="org.example.demo.AppTest" time="0.01" tests="1" errors="0" skipped="0" failures="0">
  <properties>
    <property name="java.specification.version" value="17"/>
    <property name="sun.cpu.isalist" value="amd64"/>
    <property name="sun.jnu.encoding" value="Cp1252"/>
    <property name="java.class.path" value="C:\Users\Microsoft\eclipse-workspace\customer-details\target\test-classes;C:\Users\Microsoft\eclipse-workspace\customer-details\target\classes;C:\Users\Microsoft\.m2\repository\javax\servlet\javax.servlet-api\4.0.1\javax.servlet-api-4.0.1.jar;C:\Users\Microsoft\.m2\repository\javax\servlet\jsp\javax.servlet.jsp-api\2.3.3\javax.servlet.jsp-api-2.3.3.jar;C:\Users\Microsoft\.m2\repository\junit\junit\4.11\junit-4.11.jar;C:\Users\Microsoft\.m2\repository\org\hamcrest\hamcrest-core\1.3\hamcrest-core-1.3.jar;"/>
    <property name="java.vm.vendor" value="Oracle Corporation"/>
    <property name="sun.arch.data.model" value="64"/>
    <property name="user.variant" value=""/>
    <property name="java.vendor.url" value="https://java.oracle.com/"/>
    <property name="user.timezone" value="Asia/Calcutta"/>
    <property name="os.name" value="Windows 8.1"/>
    <property name="java.vm.specification.version" value="17"/>
    <property name="sun.java.launcher" value="SUN_STANDARD"/>
    <property name="user.country" value="IN"/>
    <property name="sun.boot.library.path" value="F:\java\bin"/>
    <property name="sun.java.command" value="C:\Users\MICROS~1\AppData\Local\Temp\surefire8720260311119987055\surefirebooter16109703324734458515.jar C:\Users\Microsoft\AppData\Local\Temp\surefire8720260311119987055 2022-04-12T15-22-18_928-jvmRun1 surefire8466088110316490845tmp surefire_017508873096145531411tmp"/>
    <property name="jdk.debug" value="release"/>
    <property name="surefire.test.class.path" value="C:\Users\Microsoft\eclipse-workspace\customer-details\target\test-classes;C:\Users\Microsoft\eclipse-workspace\customer-details\target\classes;C:\Users\Microsoft\.m2\repository\javax\servlet\javax.servlet-api\4.0.1\javax.servlet-api-4.0.1.jar;C:\Users\Microsoft\.m2\repository\javax\servlet\jsp\javax.servlet.jsp-api\2.3.3\javax.servlet.jsp-api-2.3.3.jar;C:\Users\Microsoft\.m2\repository\junit\junit\4.11\junit-4.11.jar;C:\Users\Microsoft\.m2\repository\org\hamcrest\hamcrest-core\1.3\hamcrest-core-1.3.jar;"/>
    <property name="sun.cpu.endian" value="little"/>
    <property name="user.home" value="C:\Users\Microsoft"/>
    <property name="user.language" value="en"/>
    <property name="java.specification.vendor" value="Oracle Corporation"/>
    <property name="java.version.date" value="2021-10-19"/>
    <property name="java.home" value="F:\java"/>
    <property name="file.separator" value="\"/>
    <property name="basedir" value="C:\Users\Microsoft\eclipse-workspace\customer-details"/>
    <property name="java.vm.compressedOopsMode" value="32-bit"/>
    <property name="line.separator" value="&#10;"/>
    <property name="java.vm.specification.vendor" value="Oracle Corporation"/>
    <property name="java.specification.name" value="Java Platform API Specification"/>
    <property name="surefire.real.class.path" value="C:\Users\MICROS~1\AppData\Local\Temp\surefire8720260311119987055\surefirebooter16109703324734458515.jar"/>
    <property name="user.script" value=""/>
    <property name="sun.management.compiler" value="HotSpot 64-Bit Tiered Compilers"/>
    <property name="java.runtime.version" value="17.0.1+12-LTS-39"/>
    <property name="user.name" value="Microsoft"/>
    <property name="path.separator" value=";"/>
    <property name="os.version" value="6.3"/>
    <property name="java.runtime.name" value="Java(TM) SE Runtime Environment"/>
    <property name="file.encoding" value="Cp1252"/>
    <property name="java.vm.name" value="Java HotSpot(TM) 64-Bit Server VM"/>
    <property name="localRepository" value="C:\Users\Microsoft\.m2\repository"/>
    <property name="java.vendor.url.bug" value="https://bugreport.java.com/bugreport/"/>
    <property name="java.io.tmpdir" value="C:\Users\MICROS~1\AppData\Local\Temp\"/>
    <property name="java.version" value="17.0.1"/>
    <property name="user.dir" value="C:\Users\Microsoft\eclipse-workspace\customer-details"/>
    <property name="os.arch" value="amd64"/>
    <property name="java.vm.specification.name" value="Java Virtual Machine Specification"/>
    <property name="sun.os.patch.level" value=""/>
    <property name="native.encoding" value="Cp1252"/>
    <property name="java.library.path" value="F:\java\bin;C:\Windows\Sun\Java\bin;C:\Windows\system32;C:\Windows;%CATALINA_HOME%;;C:\Program Files\Common Files\Oracle\Java\javapath;C:\Windows\system32;C:\Windows;C:\Windows\System32\Wbem;C:\Windows\System32\WindowsPowerShell\v1.0\;C:\Program Files\nodejs\;F:\java\bin;C:\Program Files\MySQL\MySQL Shell 8.0\bin\;C:\Users\Microsoft\AppData\Roaming\npm;C:\Users\Microsoft\AppData\Local\Programs\Microsoft VS Code\bin;F:\conf\php storm ide\PhpStorm 2021.2.3\bin;;."/>
    <property name="java.vm.info" value="mixed mode, sharing"/>
    <property name="java.vendor" value="Oracle Corporation"/>
    <property name="java.vm.version" value="17.0.1+12-LTS-39"/>
    <property name="sun.io.unicode.encoding" value="UnicodeLittle"/>
    <property name="java.class.version" value="61.0"/>
  </properties>
  <testcase name="shouldAnswerWithTrue" classname="org.example.demo.AppTest" time="0.001"/>
</testsuite>